[2019-05-24 09:45:23] Reptile.INFO: Maintain reptile Success ["http://blog.chedushi.com/archives/category/php/page/6"] []
[2019-05-24 09:58:13] Reptile.ERROR: reptile: http://blog.chedushi.com/archives/8137  - Error [] []
[2019-05-24 09:58:13] Reptile.ERROR: reptile: http://blog.chedushi.com/archives/4038  - Error [] []
[2019-05-24 11:14:15] Reptile.ERROR: reptile: http://www.laruence.com/2019/03/01/4904.html  - Error [] []
[2019-05-24 11:14:28] Reptile.ERROR: reptile: http://www.laruence.com/2019/03/01/4904.html  - Error [] []
[2019-05-24 11:14:42] Reptile.ERROR: reptile: http://www.laruence.com/2019/03/01/4904.html  - Error [] []
[2019-05-24 11:15:25] Reptile.ERROR: reptile: http://www.laruence.com/2019/03/01/4904.html  - Error [] []
[2019-05-24 11:21:43] Reptile.INFO: list: http://www.laruence.com/page/28Success ! [] []
[2019-05-24 11:21:43] Reptile.INFO: list: http://www.laruence.com/page/27Success ! [] []
[2019-05-24 11:21:43] Reptile.INFO: list: http://www.laruence.com/page/26Success ! [] []
[2019-05-24 11:21:43] Reptile.INFO: list: http://www.laruence.com/page/25Success ! [] []
[2019-05-24 11:21:44] Reptile.INFO: list: http://www.laruence.com/page/24Success ! [] []
[2019-05-24 11:21:44] Reptile.INFO: list: http://www.laruence.com/page/23Success ! [] []
[2019-05-24 11:21:44] Reptile.INFO: list: http://www.laruence.com/page/22Success ! [] []
[2019-05-24 11:21:44] Reptile.INFO: list: http://www.laruence.com/page/21Success ! [] []
[2019-05-24 11:21:45] Reptile.INFO: list: http://www.laruence.com/page/20Success ! [] []
[2019-05-24 11:21:45] Reptile.INFO: list: http://www.laruence.com/page/19Success ! [] []
[2019-05-24 11:21:45] Reptile.INFO: list: http://www.laruence.com/page/18Success ! [] []
[2019-05-24 11:21:45] Reptile.INFO: list: http://www.laruence.com/page/17Success ! [] []
[2019-05-24 11:21:45] Reptile.INFO: list: http://www.laruence.com/page/16Success ! [] []
[2019-05-24 11:21:46] Reptile.INFO: list: http://www.laruence.com/page/15Success ! [] []
[2019-05-24 11:21:46] Reptile.INFO: list: http://www.laruence.com/page/14Success ! [] []
[2019-05-24 11:21:46] Reptile.INFO: list: http://www.laruence.com/page/13Success ! [] []
[2019-05-24 11:21:46] Reptile.INFO: list: http://www.laruence.com/page/12Success ! [] []
[2019-05-24 11:21:47] Reptile.INFO: list: http://www.laruence.com/page/11Success ! [] []
[2019-05-24 11:21:47] Reptile.INFO: list: http://www.laruence.com/page/10Success ! [] []
[2019-05-24 11:21:47] Reptile.INFO: list: http://www.laruence.com/page/9Success ! [] []
[2019-05-24 11:21:47] Reptile.INFO: list: http://www.laruence.com/page/8Success ! [] []
[2019-05-24 11:21:47] Reptile.INFO: list: http://www.laruence.com/page/7Success ! [] []
[2019-05-24 11:21:48] Reptile.INFO: list: http://www.laruence.com/page/6Success ! [] []
[2019-05-24 11:21:48] Reptile.INFO: list: http://www.laruence.com/page/5Success ! [] []
[2019-05-24 11:21:48] Reptile.INFO: list: http://www.laruence.com/page/4Success ! [] []
[2019-05-24 11:21:48] Reptile.INFO: list: http://www.laruence.com/page/3Success ! [] []
[2019-05-24 11:21:48] Reptile.INFO: list: http://www.laruence.com/page/2Success ! [] []
[2019-05-24 11:21:49] Reptile.INFO: list: http://www.laruence.com/page/1Success ! [] []
[2019-05-24 11:21:51] Reptile.ERROR: reptile: http://www.laruence.com/2010/06/08/1579.html  - Error [] []
[2019-05-24 11:30:08] Reptile.ERROR: post error ["cURL error 3: <url> malformed (see http://curl.haxx.se/libcurl/c/libcurl-errors.html)"] []
[2019-05-24 11:30:08] Reptile.ERROR: post error ["cURL error 3: <url> malformed (see http://curl.haxx.se/libcurl/c/libcurl-errors.html)"] []
